
> jobping@0.1.0 dev
> next dev

 ⚠ Port 3000 is in use by process 61562, using available port 3001 instead.
   ▲ Next.js 15.5.4
   - Local:        http://localhost:3001
   - Network:      http://10.95.151.60:3001
   - Environments: .env.local, .env
   - Experiments (use with caution):
     · optimizePackageImports

 ✓ Starting...
 ✓ Ready in 1432ms
 ✓ Compiled /middleware in 298ms (547 modules)
{"timestamp":"2025-10-27T13:27:30.702Z","level":"warn","message":"Sentry DSN not configured - error tracking disabled","context":{},"environment":"development","service":"jobping"}
{"timestamp":"2025-10-27T13:27:30.706Z","level":"debug","message":"API request started","context":{"requestId":"166db7e5-1883-4e77-add6-91cc8e495daf","operation":"http-request","component":"middleware","metadata":{"method":"GET","url":"http://localhost:3001/api/test-email-send","userAgent":"curl/8.7.1","ip":"::1","timestamp":1761571650706}},"environment":"development","service":"jobping"}
{"timestamp":"2025-10-27T13:27:30.706Z","level":"info","message":"METRIC: api.calls","context":{"operation":"api-call","component":"api","duration":0,"metadata":{"endpoint":"/api/test-email-send","method":"GET","statusCode":200,"success":true,"metric":{"name":"api.calls","value":1,"unit":"count"}}},"environment":"development","service":"jobping"}
{"timestamp":"2025-10-27T13:27:30.706Z","level":"debug","message":"API request completed","context":{"requestId":"166db7e5-1883-4e77-add6-91cc8e495daf","operation":"http-request","component":"middleware","metadata":{"method":"GET","url":"http://localhost:3001/api/test-email-send","userAgent":"curl/8.7.1","ip":"::1","timestamp":1761571650706,"statusCode":200,"success":true},"duration":0},"environment":"development","service":"jobping"}
 ○ Compiling /api/test-email-send ...
 ⚠ ./node_modules/@prisma/instrumentation/node_modules/@opentelemetry/instrumentation/build/esm/platform/node/instrumentation.js
Critical dependency: the request of a dependency is an expression

Import trace for requested module:
./node_modules/@prisma/instrumentation/node_modules/@opentelemetry/instrumentation/build/esm/platform/node/instrumentation.js
./node_modules/@prisma/instrumentation/node_modules/@opentelemetry/instrumentation/build/esm/platform/node/index.js
./node_modules/@prisma/instrumentation/node_modules/@opentelemetry/instrumentation/build/esm/platform/index.js
./node_modules/@prisma/instrumentation/node_modules/@opentelemetry/instrumentation/build/esm/index.js
./node_modules/@prisma/instrumentation/dist/index.js
./node_modules/@sentry/nextjs/node_modules/@sentry/node/build/cjs/integrations/tracing/prisma.js
./node_modules/@sentry/nextjs/node_modules/@sentry/node/build/cjs/index.js
./node_modules/@sentry/nextjs/build/cjs/index.server.js
./lib/monitoring.ts
./lib/errors.ts
./app/api/test-email-send/route.ts
{"timestamp":"2025-10-27T13:27:31.839Z","level":"warn","message":"Sentry DSN not configured - error tracking disabled","context":{},"environment":"development","service":"jobping"}
Using email domain: JobPing <noreply@getjobping.com>
Email error: {
  statusCode: 400,
  message: 'The associated domain with your API key is not verified. Please, create a new API key with full access or with a verified domain.'
}
{"timestamp":"2025-10-27T13:27:32.558Z","level":"warn","message":"Failed to send email","context":{"metadata":{"statusCode":500,"code":"EMAIL_SEND_ERROR","details":{"error":{"statusCode":400,"message":"The associated domain with your API key is not verified. Please, create a new API key with full access or with a verified domain."}}}},"environment":"development","service":"jobping"}
 GET /api/test-email-send 500 in 1856ms
 ⚠ ./node_modules/@prisma/instrumentation/node_modules/@opentelemetry/instrumentation/build/esm/platform/node/instrumentation.js
Critical dependency: the request of a dependency is an expression

Import trace for requested module:
./node_modules/@prisma/instrumentation/node_modules/@opentelemetry/instrumentation/build/esm/platform/node/instrumentation.js
./node_modules/@prisma/instrumentation/node_modules/@opentelemetry/instrumentation/build/esm/platform/node/index.js
./node_modules/@prisma/instrumentation/node_modules/@opentelemetry/instrumentation/build/esm/platform/index.js
./node_modules/@prisma/instrumentation/node_modules/@opentelemetry/instrumentation/build/esm/index.js
./node_modules/@prisma/instrumentation/dist/index.js
./node_modules/@sentry/nextjs/node_modules/@sentry/node/build/cjs/integrations/tracing/prisma.js
./node_modules/@sentry/nextjs/node_modules/@sentry/node/build/cjs/index.js
./node_modules/@sentry/nextjs/build/cjs/index.server.js
./lib/monitoring.ts
./lib/errors.ts
./app/api/test-email-send/route.ts
{"timestamp":"2025-10-27T13:28:24.960Z","level":"debug","message":"API request started","context":{"requestId":"57b2bce3-170b-42fc-b9d2-28806628cf7a","operation":"http-request","component":"middleware","metadata":{"method":"GET","url":"http://localhost:3001/api/test-email-send","userAgent":"curl/8.7.1","ip":"::1","timestamp":1761571704960}},"environment":"development","service":"jobping"}
{"timestamp":"2025-10-27T13:28:24.962Z","level":"info","message":"METRIC: api.calls","context":{"operation":"api-call","component":"api","duration":2,"metadata":{"endpoint":"/api/test-email-send","method":"GET","statusCode":200,"success":true,"metric":{"name":"api.calls","value":1,"unit":"count"}}},"environment":"development","service":"jobping"}
{"timestamp":"2025-10-27T13:28:24.962Z","level":"debug","message":"API request completed","context":{"requestId":"57b2bce3-170b-42fc-b9d2-28806628cf7a","operation":"http-request","component":"middleware","metadata":{"method":"GET","url":"http://localhost:3001/api/test-email-send","userAgent":"curl/8.7.1","ip":"::1","timestamp":1761571704960,"statusCode":200,"success":true},"duration":2},"environment":"development","service":"jobping"}
 ⚠ ./node_modules/@prisma/instrumentation/node_modules/@opentelemetry/instrumentation/build/esm/platform/node/instrumentation.js
Critical dependency: the request of a dependency is an expression

Import trace for requested module:
./node_modules/@prisma/instrumentation/node_modules/@opentelemetry/instrumentation/build/esm/platform/node/instrumentation.js
./node_modules/@prisma/instrumentation/node_modules/@opentelemetry/instrumentation/build/esm/platform/node/index.js
./node_modules/@prisma/instrumentation/node_modules/@opentelemetry/instrumentation/build/esm/platform/index.js
./node_modules/@prisma/instrumentation/node_modules/@opentelemetry/instrumentation/build/esm/index.js
./node_modules/@prisma/instrumentation/dist/index.js
./node_modules/@sentry/nextjs/node_modules/@sentry/node/build/cjs/integrations/tracing/prisma.js
./node_modules/@sentry/nextjs/node_modules/@sentry/node/build/cjs/index.js
./node_modules/@sentry/nextjs/build/cjs/index.server.js
./lib/monitoring.ts
./lib/errors.ts
./app/api/test-email-send/route.ts
 ⚠ ./node_modules/@prisma/instrumentation/node_modules/@opentelemetry/instrumentation/build/esm/platform/node/instrumentation.js
Critical dependency: the request of a dependency is an expression

Import trace for requested module:
./node_modules/@prisma/instrumentation/node_modules/@opentelemetry/instrumentation/build/esm/platform/node/instrumentation.js
./node_modules/@prisma/instrumentation/node_modules/@opentelemetry/instrumentation/build/esm/platform/node/index.js
./node_modules/@prisma/instrumentation/node_modules/@opentelemetry/instrumentation/build/esm/platform/index.js
./node_modules/@prisma/instrumentation/node_modules/@opentelemetry/instrumentation/build/esm/index.js
./node_modules/@prisma/instrumentation/dist/index.js
./node_modules/@sentry/nextjs/node_modules/@sentry/node/build/cjs/integrations/tracing/prisma.js
./node_modules/@sentry/nextjs/node_modules/@sentry/node/build/cjs/index.js
./node_modules/@sentry/nextjs/build/cjs/index.server.js
./lib/monitoring.ts
./app/error.tsx

./node_modules/@prisma/instrumentation/node_modules/@opentelemetry/instrumentation/build/esm/platform/node/instrumentation.js
Critical dependency: the request of a dependency is an expression

Import trace for requested module:
./node_modules/@prisma/instrumentation/node_modules/@opentelemetry/instrumentation/build/esm/platform/node/instrumentation.js
./node_modules/@prisma/instrumentation/node_modules/@opentelemetry/instrumentation/build/esm/platform/node/index.js
./node_modules/@prisma/instrumentation/node_modules/@opentelemetry/instrumentation/build/esm/platform/index.js
./node_modules/@prisma/instrumentation/node_modules/@opentelemetry/instrumentation/build/esm/index.js
./node_modules/@prisma/instrumentation/dist/index.js
./node_modules/@sentry/nextjs/node_modules/@sentry/node/build/cjs/integrations/tracing/prisma.js
./node_modules/@sentry/nextjs/node_modules/@sentry/node/build/cjs/index.js
./node_modules/@sentry/nextjs/build/cjs/index.server.js
./lib/monitoring.ts
./lib/errors.ts
./app/api/test-email-send/route.ts
 ⚠ Unsupported metadata viewport is configured in metadata export in /_not-found. Please move it to viewport export instead.
Read more: https://nextjs.org/docs/app/api-reference/functions/generate-viewport
{"timestamp":"2025-10-27T13:28:27.072Z","level":"warn","message":"Sentry DSN not configured - error tracking disabled","context":{},"environment":"development","service":"jobping"}
 GET /api/test-email-send 404 in 2258ms
[?25h
